Starting the New Relic Agent.
Installed New Relic Browser Monitoring middleware
  [1m[36mSQL (0.8ms)[0m  [1mSHOW client_min_messages[0m
  [1m[35mSQL (0.5ms)[0m  SET client_min_messages TO 'panic'
  [1m[36mSQL (0.6ms)[0m  [1mSET standard_conforming_strings = on[0m
  [1m[35mSQL (0.5ms)[0m  SET client_min_messages TO 'notice'
  [1m[36mSQL (1.2ms)[0m  [1mSET time zone 'UTC'[0m
  [1m[35mSQL (0.6ms)[0m  SHOW TIME ZONE
  [1m[36mPK and serial sequence (8.9ms)[0m  [1m SELECT attr.attname, seq.relname
 FROM pg_class seq,
 pg_attribute attr,
 pg_depend dep,
 pg_namespace name,
 pg_constraint cons
 WHERE seq.oid = dep.objid
 AND seq.relkind = 'S'
 AND attr.attrelid = dep.refobjid
 AND attr.attnum = dep.refobjsubid
 AND attr.attrelid = cons.conrelid
 AND attr.attnum = cons.conkey[1]
 AND cons.contype = 'p'
 AND dep.refobjid = '"listing_followers"'::regclass
[0m
  [1m[35mPK and custom sequence (2.1ms)[0m   SELECT attr.attname,
 CASE
 WHEN split_part(def.adsrc, '''', 2) ~ '.' THEN
 substr(split_part(def.adsrc, '''', 2),
 strpos(split_part(def.adsrc, '''', 2), '.')+1)
 ELSE split_part(def.adsrc, '''', 2)
 END
 FROM pg_class t
 JOIN pg_attribute attr ON (t.oid = attrelid)
 JOIN pg_attrdef def ON (adrelid = attrelid AND adnum = attnum)
 JOIN pg_constraint cons ON (conrelid = adrelid AND adnum = conkey[1])
 WHERE t.oid = '"listing_followers"'::regclass
 AND cons.contype = 'p'
 AND def.adsrc ~* 'nextval'

  [1m[36mSQL (4.7ms)[0m  [1m SELECT tablename
 FROM pg_tables
 WHERE schemaname = ANY (current_schemas(false))
[0m
  [1m[35mSQL (3.0ms)[0m   SELECT a.attname, format_type(a.atttypid, a.atttypmod), d.adsrc, a.attnotnull
 FROM pg_attribute a LEFT JOIN pg_attrdef d
 ON a.attrelid = d.adrelid AND a.attnum = d.adnum
 WHERE a.attrelid = '"notifications"'::regclass
 AND a.attnum > 0 AND NOT a.attisdropped
 ORDER BY a.attnum

  [1m[36mPK and serial sequence (6.3ms)[0m  [1m SELECT attr.attname, seq.relname
 FROM pg_class seq,
 pg_attribute attr,
 pg_depend dep,
 pg_namespace name,
 pg_constraint cons
 WHERE seq.oid = dep.objid
 AND seq.relkind = 'S'
 AND attr.attrelid = dep.refobjid
 AND attr.attnum = dep.refobjsubid
 AND attr.attrelid = cons.conrelid
 AND attr.attnum = cons.conkey[1]
 AND cons.contype = 'p'
 AND dep.refobjid = '"communities_listings"'::regclass
[0m
  [1m[35mPK and custom sequence (1.4ms)[0m   SELECT attr.attname,
 CASE
 WHEN split_part(def.adsrc, '''', 2) ~ '.' THEN
 substr(split_part(def.adsrc, '''', 2),
 strpos(split_part(def.adsrc, '''', 2), '.')+1)
 ELSE split_part(def.adsrc, '''', 2)
 END
 FROM pg_class t
 JOIN pg_attribute attr ON (t.oid = attrelid)
 JOIN pg_attrdef def ON (adrelid = attrelid AND adnum = attnum)
 JOIN pg_constraint cons ON (conrelid = adrelid AND adnum = conkey[1])
 WHERE t.oid = '"communities_listings"'::regclass
 AND cons.contype = 'p'
 AND def.adsrc ~* 'nextval'

  [1m[36mSQL (2.2ms)[0m  [1m SELECT COUNT(*)
 FROM pg_tables
 WHERE tablename = 'listings'
 AND schemaname = ANY (current_schemas(false))
[0m
  [1m[35mSQL (2.3ms)[0m   SELECT a.attname, format_type(a.atttypid, a.atttypmod), d.adsrc, a.attnotnull
 FROM pg_attribute a LEFT JOIN pg_attrdef d
 ON a.attrelid = d.adrelid AND a.attnum = d.adnum
 WHERE a.attrelid = '"listings"'::regclass
 AND a.attnum > 0 AND NOT a.attisdropped
 ORDER BY a.attnum

  [1m[36mPK and serial sequence (6.2ms)[0m  [1m SELECT attr.attname, seq.relname
 FROM pg_class seq,
 pg_attribute attr,
 pg_depend dep,
 pg_namespace name,
 pg_constraint cons
 WHERE seq.oid = dep.objid
 AND seq.relkind = 'S'
 AND attr.attrelid = dep.refobjid
 AND attr.attnum = dep.refobjsubid
 AND attr.attrelid = cons.conrelid
 AND attr.attnum = cons.conkey[1]
 AND cons.contype = 'p'
 AND dep.refobjid = '"communities_listings"'::regclass
[0m
  [1m[35mPK and custom sequence (3.3ms)[0m   SELECT attr.attname,
 CASE
 WHEN split_part(def.adsrc, '''', 2) ~ '.' THEN
 substr(split_part(def.adsrc, '''', 2),
 strpos(split_part(def.adsrc, '''', 2), '.')+1)
 ELSE split_part(def.adsrc, '''', 2)
 END
 FROM pg_class t
 JOIN pg_attribute attr ON (t.oid = attrelid)
 JOIN pg_attrdef def ON (adrelid = attrelid AND adnum = attnum)
 JOIN pg_constraint cons ON (conrelid = adrelid AND adnum = conkey[1])
 WHERE t.oid = '"communities_listings"'::regclass
 AND cons.contype = 'p'
 AND def.adsrc ~* 'nextval'

  [1m[36mPK and serial sequence (6.3ms)[0m  [1m SELECT attr.attname, seq.relname
 FROM pg_class seq,
 pg_attribute attr,
 pg_depend dep,
 pg_namespace name,
 pg_constraint cons
 WHERE seq.oid = dep.objid
 AND seq.relkind = 'S'
 AND attr.attrelid = dep.refobjid
 AND attr.attnum = dep.refobjsubid
 AND attr.attrelid = cons.conrelid
 AND attr.attnum = cons.conkey[1]
 AND cons.contype = 'p'
 AND dep.refobjid = '"listing_followers"'::regclass
[0m
  [1m[35mPK and custom sequence (3.4ms)[0m   SELECT attr.attname,
 CASE
 WHEN split_part(def.adsrc, '''', 2) ~ '.' THEN
 substr(split_part(def.adsrc, '''', 2),
 strpos(split_part(def.adsrc, '''', 2), '.')+1)
 ELSE split_part(def.adsrc, '''', 2)
 END
 FROM pg_class t
 JOIN pg_attribute attr ON (t.oid = attrelid)
 JOIN pg_attrdef def ON (adrelid = attrelid AND adnum = attnum)
 JOIN pg_constraint cons ON (conrelid = adrelid AND adnum = conkey[1])
 WHERE t.oid = '"listing_followers"'::regclass
 AND cons.contype = 'p'
 AND def.adsrc ~* 'nextval'

Creating scope :open. Overwriting existing method Listing.open.
Creating scope :public. Overwriting existing method Listing.public.
Creating scope :private. Overwriting existing method Listing.private.
Generating Configuration to /home/chaitanya/workArea/ST-to-RGF/config/production.sphinx.conf
  [1m[36mSQL (1.9ms)[0m  [1m SELECT COUNT(*)
 FROM pg_tables
 WHERE tablename = 'listings'
 AND schemaname = ANY (current_schemas(false))
[0m
  [1m[35mSQL (0.5ms)[0m  begin
  [1m[36mSQL (0.4ms)[0m  [1msavepoint ts[0m
  [1m[35mSQL (138.0ms)[0m  CREATE LANGUAGE 'plpgsql';
PG::Error: ERROR:  language "plpgsql" already exists
: CREATE LANGUAGE 'plpgsql';
  [1m[36mSQL (10.9ms)[0m  [1mrollback to savepoint ts[0m
  [1m[35mSQL (0.6ms)[0m  release savepoint ts
  [1m[36mSQL (0.6ms)[0m  [1mcommit[0m
  [1m[35mSQL (0.6ms)[0m  begin
  [1m[36mSQL (0.5ms)[0m  [1msavepoint ts[0m
  [1m[35mSQL (230.2ms)[0m   CREATE OR REPLACE FUNCTION crc32(word text)
 RETURNS bigint AS $$
 DECLARE tmp bigint;
 DECLARE i int;
 DECLARE j int;
 DECLARE byte_length int;
 DECLARE word_array bytea;
 BEGIN
 IF COALESCE(word, '') = '' THEN
 return 0;
 END IF;

 i = 0;
 tmp = 4294967295;
 byte_length = bit_length(word) / 8;
 word_array = decode(replace(word, E'\\', E'\\\\'), 'escape');
 LOOP
 tmp = (tmp # get_byte(word_array, i))::bigint;
 i = i + 1;
 j = 0;
 LOOP
 tmp = ((tmp >> 1) # (3988292384 * (tmp & 1)))::bigint;
 j = j + 1;
 IF j >= 8 THEN
 EXIT;
 END IF;
 END LOOP;
 IF i >= byte_length THEN
 EXIT;
 END IF;
 END LOOP;
 return (tmp # 4294967295);
 END
 $$ IMMUTABLE LANGUAGE plpgsql;

  [1m[36mSQL (0.5ms)[0m  [1mrelease savepoint ts[0m
  [1m[35mSQL (19.0ms)[0m  commit
  [1m[36mSQL (3.3ms)[0m  [1m SELECT a.attname, format_type(a.atttypid, a.atttypmod), d.adsrc, a.attnotnull
 FROM pg_attribute a LEFT JOIN pg_attrdef d
 ON a.attrelid = d.adrelid AND a.attnum = d.adnum
 WHERE a.attrelid = '"communities"'::regclass
 AND a.attnum > 0 AND NOT a.attisdropped
 ORDER BY a.attnum
[0m
  [1m[35mSQL (13.4ms)[0m   SELECT a.attname, format_type(a.atttypid, a.atttypmod), d.adsrc, a.attnotnull
 FROM pg_attribute a LEFT JOIN pg_attrdef d
 ON a.attrelid = d.adrelid AND a.attnum = d.adnum
 WHERE a.attrelid = '"tags"'::regclass
 AND a.attnum > 0 AND NOT a.attisdropped
 ORDER BY a.attnum

  [1m[36mSQL (2.1ms)[0m  [1m SELECT a.attname, format_type(a.atttypid, a.atttypmod), d.adsrc, a.attnotnull
 FROM pg_attribute a LEFT JOIN pg_attrdef d
 ON a.attrelid = d.adrelid AND a.attnum = d.adnum
 WHERE a.attrelid = '"comments"'::regclass
 AND a.attnum > 0 AND NOT a.attisdropped
 ORDER BY a.attnum
[0m
  [1m[35mSQL (2.8ms)[0m   SELECT a.attname, format_type(a.atttypid, a.atttypmod), d.adsrc, a.attnotnull
 FROM pg_attribute a LEFT JOIN pg_attrdef d
 ON a.attrelid = d.adrelid AND a.attnum = d.adnum
 WHERE a.attrelid = '"taggings"'::regclass
 AND a.attnum > 0 AND NOT a.attisdropped
 ORDER BY a.attnum

  [1m[36mSQL (1.9ms)[0m  [1m SELECT a.attname, format_type(a.atttypid, a.atttypmod), d.adsrc, a.attnotnull
 FROM pg_attribute a LEFT JOIN pg_attrdef d
 ON a.attrelid = d.adrelid AND a.attnum = d.adnum
 WHERE a.attrelid = '"communities_listings"'::regclass
 AND a.attnum > 0 AND NOT a.attisdropped
 ORDER BY a.attnum
[0m
  [1m[35mSQL (2.0ms)[0m   SELECT a.attname, format_type(a.atttypid, a.atttypmod), d.adsrc, a.attnotnull
 FROM pg_attribute a LEFT JOIN pg_attrdef d
 ON a.attrelid = d.adrelid AND a.attnum = d.adnum
 WHERE a.attrelid = '"communities_listings"'::regclass
 AND a.attnum > 0 AND NOT a.attisdropped
 ORDER BY a.attnum

Sphinx 0.9.9-release (r2117)
Copyright (c) 2001-2009, Andrew Aksyonoff

using config file '/home/chaitanya/workArea/ST-to-RGF/config/production.sphinx.conf'...
indexing index 'listing_core'...
collected 4 docs, 0.0 MB
collected 4 attr values
sorted 0.0 Mvalues, 100.0% done
sorted 0.0 Mhits, 100.0% done
total 4 docs, 130 bytes
total 0.274 sec, 472 bytes/sec, 14.55 docs/sec
indexing index 'listing_delta'...
collected 0 docs, 0.0 MB
collected 0 attr values
sorted 0.0 Mvalues, -nan% done
total 0 docs, 0 bytes
total 0.126 sec, 0 bytes/sec, 0.00 docs/sec
distributed index 'listing' can not be directly indexed; skipping.
total 3 reads, 0.000 sec, 1.3 kb/call avg, 0.0 msec/call avg
total 13 writes, 0.000 sec, 2.1 kb/call avg, 0.0 msec/call avg
Starting the New Relic Agent.
Installed New Relic Browser Monitoring middleware
  [1m[36mSQL (0.3ms)[0m  [1mSHOW client_min_messages[0m
  [1m[35mSQL (0.2ms)[0m  SET client_min_messages TO 'panic'
  [1m[36mSQL (0.2ms)[0m  [1mSET standard_conforming_strings = on[0m
  [1m[35mSQL (0.2ms)[0m  SET client_min_messages TO 'notice'
  [1m[36mSQL (0.4ms)[0m  [1mSET time zone 'UTC'[0m
  [1m[35mSQL (0.2ms)[0m  SHOW TIME ZONE
  [1m[36mPK and serial sequence (4.3ms)[0m  [1m SELECT attr.attname, seq.relname
 FROM pg_class seq,
 pg_attribute attr,
 pg_depend dep,
 pg_namespace name,
 pg_constraint cons
 WHERE seq.oid = dep.objid
 AND seq.relkind = 'S'
 AND attr.attrelid = dep.refobjid
 AND attr.attnum = dep.refobjsubid
 AND attr.attrelid = cons.conrelid
 AND attr.attnum = cons.conkey[1]
 AND cons.contype = 'p'
 AND dep.refobjid = '"listing_followers"'::regclass
[0m
  [1m[35mPK and custom sequence (1.7ms)[0m   SELECT attr.attname,
 CASE
 WHEN split_part(def.adsrc, '''', 2) ~ '.' THEN
 substr(split_part(def.adsrc, '''', 2),
 strpos(split_part(def.adsrc, '''', 2), '.')+1)
 ELSE split_part(def.adsrc, '''', 2)
 END
 FROM pg_class t
 JOIN pg_attribute attr ON (t.oid = attrelid)
 JOIN pg_attrdef def ON (adrelid = attrelid AND adnum = attnum)
 JOIN pg_constraint cons ON (conrelid = adrelid AND adnum = conkey[1])
 WHERE t.oid = '"listing_followers"'::regclass
 AND cons.contype = 'p'
 AND def.adsrc ~* 'nextval'

  [1m[36mSQL (4.7ms)[0m  [1m SELECT tablename
 FROM pg_tables
 WHERE schemaname = ANY (current_schemas(false))
[0m
  [1m[35mSQL (3.0ms)[0m   SELECT a.attname, format_type(a.atttypid, a.atttypmod), d.adsrc, a.attnotnull
 FROM pg_attribute a LEFT JOIN pg_attrdef d
 ON a.attrelid = d.adrelid AND a.attnum = d.adnum
 WHERE a.attrelid = '"notifications"'::regclass
 AND a.attnum > 0 AND NOT a.attisdropped
 ORDER BY a.attnum

  [1m[36mPK and serial sequence (6.3ms)[0m  [1m SELECT attr.attname, seq.relname
 FROM pg_class seq,
 pg_attribute attr,
 pg_depend dep,
 pg_namespace name,
 pg_constraint cons
 WHERE seq.oid = dep.objid
 AND seq.relkind = 'S'
 AND attr.attrelid = dep.refobjid
 AND attr.attnum = dep.refobjsubid
 AND attr.attrelid = cons.conrelid
 AND attr.attnum = cons.conkey[1]
 AND cons.contype = 'p'
 AND dep.refobjid = '"communities_listings"'::regclass
[0m
  [1m[35mPK and custom sequence (1.7ms)[0m   SELECT attr.attname,
 CASE
 WHEN split_part(def.adsrc, '''', 2) ~ '.' THEN
 substr(split_part(def.adsrc, '''', 2),
 strpos(split_part(def.adsrc, '''', 2), '.')+1)
 ELSE split_part(def.adsrc, '''', 2)
 END
 FROM pg_class t
 JOIN pg_attribute attr ON (t.oid = attrelid)
 JOIN pg_attrdef def ON (adrelid = attrelid AND adnum = attnum)
 JOIN pg_constraint cons ON (conrelid = adrelid AND adnum = conkey[1])
 WHERE t.oid = '"communities_listings"'::regclass
 AND cons.contype = 'p'
 AND def.adsrc ~* 'nextval'

  [1m[36mSQL (2.1ms)[0m  [1m SELECT COUNT(*)
 FROM pg_tables
 WHERE tablename = 'listings'
 AND schemaname = ANY (current_schemas(false))
[0m
  [1m[35mSQL (2.3ms)[0m   SELECT a.attname, format_type(a.atttypid, a.atttypmod), d.adsrc, a.attnotnull
 FROM pg_attribute a LEFT JOIN pg_attrdef d
 ON a.attrelid = d.adrelid AND a.attnum = d.adnum
 WHERE a.attrelid = '"listings"'::regclass
 AND a.attnum > 0 AND NOT a.attisdropped
 ORDER BY a.attnum

  [1m[36mPK and serial sequence (6.3ms)[0m  [1m SELECT attr.attname, seq.relname
 FROM pg_class seq,
 pg_attribute attr,
 pg_depend dep,
 pg_namespace name,
 pg_constraint cons
 WHERE seq.oid = dep.objid
 AND seq.relkind = 'S'
 AND attr.attrelid = dep.refobjid
 AND attr.attnum = dep.refobjsubid
 AND attr.attrelid = cons.conrelid
 AND attr.attnum = cons.conkey[1]
 AND cons.contype = 'p'
 AND dep.refobjid = '"communities_listings"'::regclass
[0m
  [1m[35mPK and custom sequence (3.3ms)[0m   SELECT attr.attname,
 CASE
 WHEN split_part(def.adsrc, '''', 2) ~ '.' THEN
 substr(split_part(def.adsrc, '''', 2),
 strpos(split_part(def.adsrc, '''', 2), '.')+1)
 ELSE split_part(def.adsrc, '''', 2)
 END
 FROM pg_class t
 JOIN pg_attribute attr ON (t.oid = attrelid)
 JOIN pg_attrdef def ON (adrelid = attrelid AND adnum = attnum)
 JOIN pg_constraint cons ON (conrelid = adrelid AND adnum = conkey[1])
 WHERE t.oid = '"communities_listings"'::regclass
 AND cons.contype = 'p'
 AND def.adsrc ~* 'nextval'

  [1m[36mPK and serial sequence (6.2ms)[0m  [1m SELECT attr.attname, seq.relname
 FROM pg_class seq,
 pg_attribute attr,
 pg_depend dep,
 pg_namespace name,
 pg_constraint cons
 WHERE seq.oid = dep.objid
 AND seq.relkind = 'S'
 AND attr.attrelid = dep.refobjid
 AND attr.attnum = dep.refobjsubid
 AND attr.attrelid = cons.conrelid
 AND attr.attnum = cons.conkey[1]
 AND cons.contype = 'p'
 AND dep.refobjid = '"listing_followers"'::regclass
[0m
  [1m[35mPK and custom sequence (3.6ms)[0m   SELECT attr.attname,
 CASE
 WHEN split_part(def.adsrc, '''', 2) ~ '.' THEN
 substr(split_part(def.adsrc, '''', 2),
 strpos(split_part(def.adsrc, '''', 2), '.')+1)
 ELSE split_part(def.adsrc, '''', 2)
 END
 FROM pg_class t
 JOIN pg_attribute attr ON (t.oid = attrelid)
 JOIN pg_attrdef def ON (adrelid = attrelid AND adnum = attnum)
 JOIN pg_constraint cons ON (conrelid = adrelid AND adnum = conkey[1])
 WHERE t.oid = '"listing_followers"'::regclass
 AND cons.contype = 'p'
 AND def.adsrc ~* 'nextval'

Creating scope :open. Overwriting existing method Listing.open.
Creating scope :public. Overwriting existing method Listing.public.
Creating scope :private. Overwriting existing method Listing.private.
Generating Configuration to /home/chaitanya/workArea/ST-to-RGF/config/production.sphinx.conf
  [1m[36mSQL (1.9ms)[0m  [1m SELECT COUNT(*)
 FROM pg_tables
 WHERE tablename = 'listings'
 AND schemaname = ANY (current_schemas(false))
[0m
  [1m[35mSQL (0.5ms)[0m  begin
  [1m[36mSQL (0.4ms)[0m  [1msavepoint ts[0m
  [1m[35mSQL (1.2ms)[0m  CREATE LANGUAGE 'plpgsql';
PG::Error: ERROR:  language "plpgsql" already exists
: CREATE LANGUAGE 'plpgsql';
  [1m[36mSQL (0.4ms)[0m  [1mrollback to savepoint ts[0m
  [1m[35mSQL (0.4ms)[0m  release savepoint ts
  [1m[36mSQL (0.4ms)[0m  [1mcommit[0m
  [1m[35mSQL (0.4ms)[0m  begin
  [1m[36mSQL (0.4ms)[0m  [1msavepoint ts[0m
  [1m[35mSQL (3.6ms)[0m   CREATE OR REPLACE FUNCTION crc32(word text)
 RETURNS bigint AS $$
 DECLARE tmp bigint;
 DECLARE i int;
 DECLARE j int;
 DECLARE byte_length int;
 DECLARE word_array bytea;
 BEGIN
 IF COALESCE(word, '') = '' THEN
 return 0;
 END IF;

 i = 0;
 tmp = 4294967295;
 byte_length = bit_length(word) / 8;
 word_array = decode(replace(word, E'\\', E'\\\\'), 'escape');
 LOOP
 tmp = (tmp # get_byte(word_array, i))::bigint;
 i = i + 1;
 j = 0;
 LOOP
 tmp = ((tmp >> 1) # (3988292384 * (tmp & 1)))::bigint;
 j = j + 1;
 IF j >= 8 THEN
 EXIT;
 END IF;
 END LOOP;
 IF i >= byte_length THEN
 EXIT;
 END IF;
 END LOOP;
 return (tmp # 4294967295);
 END
 $$ IMMUTABLE LANGUAGE plpgsql;

  [1m[36mSQL (0.4ms)[0m  [1mrelease savepoint ts[0m
  [1m[35mSQL (15.1ms)[0m  commit
  [1m[36mSQL (2.8ms)[0m  [1m SELECT a.attname, format_type(a.atttypid, a.atttypmod), d.adsrc, a.attnotnull
 FROM pg_attribute a LEFT JOIN pg_attrdef d
 ON a.attrelid = d.adrelid AND a.attnum = d.adnum
 WHERE a.attrelid = '"communities"'::regclass
 AND a.attnum > 0 AND NOT a.attisdropped
 ORDER BY a.attnum
[0m
  [1m[35mSQL (2.0ms)[0m   SELECT a.attname, format_type(a.atttypid, a.atttypmod), d.adsrc, a.attnotnull
 FROM pg_attribute a LEFT JOIN pg_attrdef d
 ON a.attrelid = d.adrelid AND a.attnum = d.adnum
 WHERE a.attrelid = '"tags"'::regclass
 AND a.attnum > 0 AND NOT a.attisdropped
 ORDER BY a.attnum

  [1m[36mSQL (2.1ms)[0m  [1m SELECT a.attname, format_type(a.atttypid, a.atttypmod), d.adsrc, a.attnotnull
 FROM pg_attribute a LEFT JOIN pg_attrdef d
 ON a.attrelid = d.adrelid AND a.attnum = d.adnum
 WHERE a.attrelid = '"comments"'::regclass
 AND a.attnum > 0 AND NOT a.attisdropped
 ORDER BY a.attnum
[0m
  [1m[35mSQL (2.1ms)[0m   SELECT a.attname, format_type(a.atttypid, a.atttypmod), d.adsrc, a.attnotnull
 FROM pg_attribute a LEFT JOIN pg_attrdef d
 ON a.attrelid = d.adrelid AND a.attnum = d.adnum
 WHERE a.attrelid = '"taggings"'::regclass
 AND a.attnum > 0 AND NOT a.attisdropped
 ORDER BY a.attnum

  [1m[36mSQL (1.7ms)[0m  [1m SELECT a.attname, format_type(a.atttypid, a.atttypmod), d.adsrc, a.attnotnull
 FROM pg_attribute a LEFT JOIN pg_attrdef d
 ON a.attrelid = d.adrelid AND a.attnum = d.adnum
 WHERE a.attrelid = '"communities_listings"'::regclass
 AND a.attnum > 0 AND NOT a.attisdropped
 ORDER BY a.attnum
[0m
  [1m[35mSQL (1.9ms)[0m   SELECT a.attname, format_type(a.atttypid, a.atttypmod), d.adsrc, a.attnotnull
 FROM pg_attribute a LEFT JOIN pg_attrdef d
 ON a.attrelid = d.adrelid AND a.attnum = d.adnum
 WHERE a.attrelid = '"communities_listings"'::regclass
 AND a.attnum > 0 AND NOT a.attisdropped
 ORDER BY a.attnum

Sphinx 0.9.9-release (r2117)
Copyright (c) 2001-2009, Andrew Aksyonoff

using config file '/home/chaitanya/workArea/ST-to-RGF/config/production.sphinx.conf'...
indexing index 'listing_core'...
collected 4 docs, 0.0 MB
collected 4 attr values
sorted 0.0 Mvalues, 100.0% done
sorted 0.0 Mhits, 100.0% done
total 4 docs, 130 bytes
total 0.136 sec, 951 bytes/sec, 29.27 docs/sec
indexing index 'listing_delta'...
collected 0 docs, 0.0 MB
collected 0 attr values
sorted 0.0 Mvalues, -nan% done
total 0 docs, 0 bytes
total 0.117 sec, 0 bytes/sec, 0.00 docs/sec
distributed index 'listing' can not be directly indexed; skipping.
total 3 reads, 0.000 sec, 1.3 kb/call avg, 0.0 msec/call avg
total 13 writes, 0.000 sec, 2.1 kb/call avg, 0.0 msec/call avg
Starting the New Relic Agent.
Installed New Relic Browser Monitoring middleware
  [1m[36mSQL (0.4ms)[0m  [1mSHOW client_min_messages[0m
  [1m[35mSQL (0.3ms)[0m  SET client_min_messages TO 'panic'
  [1m[36mSQL (0.3ms)[0m  [1mSET standard_conforming_strings = on[0m
  [1m[35mSQL (0.3ms)[0m  SET client_min_messages TO 'notice'
  [1m[36mSQL (0.5ms)[0m  [1mSET time zone 'UTC'[0m
  [1m[35mSQL (0.3ms)[0m  SHOW TIME ZONE
  [1m[36mPK and serial sequence (4.5ms)[0m  [1m SELECT attr.attname, seq.relname
 FROM pg_class seq,
 pg_attribute attr,
 pg_depend dep,
 pg_namespace name,
 pg_constraint cons
 WHERE seq.oid = dep.objid
 AND seq.relkind = 'S'
 AND attr.attrelid = dep.refobjid
 AND attr.attnum = dep.refobjsubid
 AND attr.attrelid = cons.conrelid
 AND attr.attnum = cons.conkey[1]
 AND cons.contype = 'p'
 AND dep.refobjid = '"listing_followers"'::regclass
[0m
  [1m[35mPK and custom sequence (2.1ms)[0m   SELECT attr.attname,
 CASE
 WHEN split_part(def.adsrc, '''', 2) ~ '.' THEN
 substr(split_part(def.adsrc, '''', 2),
 strpos(split_part(def.adsrc, '''', 2), '.')+1)
 ELSE split_part(def.adsrc, '''', 2)
 END
 FROM pg_class t
 JOIN pg_attribute attr ON (t.oid = attrelid)
 JOIN pg_attrdef def ON (adrelid = attrelid AND adnum = attnum)
 JOIN pg_constraint cons ON (conrelid = adrelid AND adnum = conkey[1])
 WHERE t.oid = '"listing_followers"'::regclass
 AND cons.contype = 'p'
 AND def.adsrc ~* 'nextval'

  [1m[36mSQL (4.6ms)[0m  [1m SELECT tablename
 FROM pg_tables
 WHERE schemaname = ANY (current_schemas(false))
[0m
  [1m[35mSQL (3.2ms)[0m   SELECT a.attname, format_type(a.atttypid, a.atttypmod), d.adsrc, a.attnotnull
 FROM pg_attribute a LEFT JOIN pg_attrdef d
 ON a.attrelid = d.adrelid AND a.attnum = d.adnum
 WHERE a.attrelid = '"notifications"'::regclass
 AND a.attnum > 0 AND NOT a.attisdropped
 ORDER BY a.attnum

  [1m[36mPK and serial sequence (2.7ms)[0m  [1m SELECT attr.attname, seq.relname
 FROM pg_class seq,
 pg_attribute attr,
 pg_depend dep,
 pg_namespace name,
 pg_constraint cons
 WHERE seq.oid = dep.objid
 AND seq.relkind = 'S'
 AND attr.attrelid = dep.refobjid
 AND attr.attnum = dep.refobjsubid
 AND attr.attrelid = cons.conrelid
 AND attr.attnum = cons.conkey[1]
 AND cons.contype = 'p'
 AND dep.refobjid = '"communities_listings"'::regclass
[0m
  [1m[35mPK and custom sequence (1.6ms)[0m   SELECT attr.attname,
 CASE
 WHEN split_part(def.adsrc, '''', 2) ~ '.' THEN
 substr(split_part(def.adsrc, '''', 2),
 strpos(split_part(def.adsrc, '''', 2), '.')+1)
 ELSE split_part(def.adsrc, '''', 2)
 END
 FROM pg_class t
 JOIN pg_attribute attr ON (t.oid = attrelid)
 JOIN pg_attrdef def ON (adrelid = attrelid AND adnum = attnum)
 JOIN pg_constraint cons ON (conrelid = adrelid AND adnum = conkey[1])
 WHERE t.oid = '"communities_listings"'::regclass
 AND cons.contype = 'p'
 AND def.adsrc ~* 'nextval'

  [1m[36mSQL (2.1ms)[0m  [1m SELECT COUNT(*)
 FROM pg_tables
 WHERE tablename = 'listings'
 AND schemaname = ANY (current_schemas(false))
[0m
  [1m[35mSQL (2.3ms)[0m   SELECT a.attname, format_type(a.atttypid, a.atttypmod), d.adsrc, a.attnotnull
 FROM pg_attribute a LEFT JOIN pg_attrdef d
 ON a.attrelid = d.adrelid AND a.attnum = d.adnum
 WHERE a.attrelid = '"listings"'::regclass
 AND a.attnum > 0 AND NOT a.attisdropped
 ORDER BY a.attnum

  [1m[36mPK and serial sequence (5.8ms)[0m  [1m SELECT attr.attname, seq.relname
 FROM pg_class seq,
 pg_attribute attr,
 pg_depend dep,
 pg_namespace name,
 pg_constraint cons
 WHERE seq.oid = dep.objid
 AND seq.relkind = 'S'
 AND attr.attrelid = dep.refobjid
 AND attr.attnum = dep.refobjsubid
 AND attr.attrelid = cons.conrelid
 AND attr.attnum = cons.conkey[1]
 AND cons.contype = 'p'
 AND dep.refobjid = '"communities_listings"'::regclass
[0m
  [1m[35mPK and custom sequence (1.3ms)[0m   SELECT attr.attname,
 CASE
 WHEN split_part(def.adsrc, '''', 2) ~ '.' THEN
 substr(split_part(def.adsrc, '''', 2),
 strpos(split_part(def.adsrc, '''', 2), '.')+1)
 ELSE split_part(def.adsrc, '''', 2)
 END
 FROM pg_class t
 JOIN pg_attribute attr ON (t.oid = attrelid)
 JOIN pg_attrdef def ON (adrelid = attrelid AND adnum = attnum)
 JOIN pg_constraint cons ON (conrelid = adrelid AND adnum = conkey[1])
 WHERE t.oid = '"communities_listings"'::regclass
 AND cons.contype = 'p'
 AND def.adsrc ~* 'nextval'

  [1m[36mPK and serial sequence (2.3ms)[0m  [1m SELECT attr.attname, seq.relname
 FROM pg_class seq,
 pg_attribute attr,
 pg_depend dep,
 pg_namespace name,
 pg_constraint cons
 WHERE seq.oid = dep.objid
 AND seq.relkind = 'S'
 AND attr.attrelid = dep.refobjid
 AND attr.attnum = dep.refobjsubid
 AND attr.attrelid = cons.conrelid
 AND attr.attnum = cons.conkey[1]
 AND cons.contype = 'p'
 AND dep.refobjid = '"listing_followers"'::regclass
[0m
  [1m[35mPK and custom sequence (1.3ms)[0m   SELECT attr.attname,
 CASE
 WHEN split_part(def.adsrc, '''', 2) ~ '.' THEN
 substr(split_part(def.adsrc, '''', 2),
 strpos(split_part(def.adsrc, '''', 2), '.')+1)
 ELSE split_part(def.adsrc, '''', 2)
 END
 FROM pg_class t
 JOIN pg_attribute attr ON (t.oid = attrelid)
 JOIN pg_attrdef def ON (adrelid = attrelid AND adnum = attnum)
 JOIN pg_constraint cons ON (conrelid = adrelid AND adnum = conkey[1])
 WHERE t.oid = '"listing_followers"'::regclass
 AND cons.contype = 'p'
 AND def.adsrc ~* 'nextval'

Creating scope :open. Overwriting existing method Listing.open.
Creating scope :public. Overwriting existing method Listing.public.
Creating scope :private. Overwriting existing method Listing.private.
Generating Configuration to /home/chaitanya/workArea/ST-to-RGF/config/production.sphinx.conf
  [1m[36mSQL (1.9ms)[0m  [1m SELECT COUNT(*)
 FROM pg_tables
 WHERE tablename = 'listings'
 AND schemaname = ANY (current_schemas(false))
[0m
  [1m[35mSQL (0.5ms)[0m  begin
  [1m[36mSQL (0.4ms)[0m  [1msavepoint ts[0m
  [1m[35mSQL (1.2ms)[0m  CREATE LANGUAGE 'plpgsql';
PG::Error: ERROR:  language "plpgsql" already exists
: CREATE LANGUAGE 'plpgsql';
  [1m[36mSQL (0.4ms)[0m  [1mrollback to savepoint ts[0m
  [1m[35mSQL (0.4ms)[0m  release savepoint ts
  [1m[36mSQL (0.4ms)[0m  [1mcommit[0m
  [1m[35mSQL (0.4ms)[0m  begin
  [1m[36mSQL (0.4ms)[0m  [1msavepoint ts[0m
  [1m[35mSQL (3.6ms)[0m   CREATE OR REPLACE FUNCTION crc32(word text)
 RETURNS bigint AS $$
 DECLARE tmp bigint;
 DECLARE i int;
 DECLARE j int;
 DECLARE byte_length int;
 DECLARE word_array bytea;
 BEGIN
 IF COALESCE(word, '') = '' THEN
 return 0;
 END IF;

 i = 0;
 tmp = 4294967295;
 byte_length = bit_length(word) / 8;
 word_array = decode(replace(word, E'\\', E'\\\\'), 'escape');
 LOOP
 tmp = (tmp # get_byte(word_array, i))::bigint;
 i = i + 1;
 j = 0;
 LOOP
 tmp = ((tmp >> 1) # (3988292384 * (tmp & 1)))::bigint;
 j = j + 1;
 IF j >= 8 THEN
 EXIT;
 END IF;
 END LOOP;
 IF i >= byte_length THEN
 EXIT;
 END IF;
 END LOOP;
 return (tmp # 4294967295);
 END
 $$ IMMUTABLE LANGUAGE plpgsql;

  [1m[36mSQL (0.4ms)[0m  [1mrelease savepoint ts[0m
  [1m[35mSQL (35.8ms)[0m  commit
  [1m[36mSQL (1.8ms)[0m  [1m SELECT a.attname, format_type(a.atttypid, a.atttypmod), d.adsrc, a.attnotnull
 FROM pg_attribute a LEFT JOIN pg_attrdef d
 ON a.attrelid = d.adrelid AND a.attnum = d.adnum
 WHERE a.attrelid = '"communities"'::regclass
 AND a.attnum > 0 AND NOT a.attisdropped
 ORDER BY a.attnum
[0m
  [1m[35mSQL (1.0ms)[0m   SELECT a.attname, format_type(a.atttypid, a.atttypmod), d.adsrc, a.attnotnull
 FROM pg_attribute a LEFT JOIN pg_attrdef d
 ON a.attrelid = d.adrelid AND a.attnum = d.adnum
 WHERE a.attrelid = '"tags"'::regclass
 AND a.attnum > 0 AND NOT a.attisdropped
 ORDER BY a.attnum

  [1m[36mSQL (1.0ms)[0m  [1m SELECT a.attname, format_type(a.atttypid, a.atttypmod), d.adsrc, a.attnotnull
 FROM pg_attribute a LEFT JOIN pg_attrdef d
 ON a.attrelid = d.adrelid AND a.attnum = d.adnum
 WHERE a.attrelid = '"comments"'::regclass
 AND a.attnum > 0 AND NOT a.attisdropped
 ORDER BY a.attnum
[0m
  [1m[35mSQL (2.1ms)[0m   SELECT a.attname, format_type(a.atttypid, a.atttypmod), d.adsrc, a.attnotnull
 FROM pg_attribute a LEFT JOIN pg_attrdef d
 ON a.attrelid = d.adrelid AND a.attnum = d.adnum
 WHERE a.attrelid = '"taggings"'::regclass
 AND a.attnum > 0 AND NOT a.attisdropped
 ORDER BY a.attnum

  [1m[36mSQL (1.7ms)[0m  [1m SELECT a.attname, format_type(a.atttypid, a.atttypmod), d.adsrc, a.attnotnull
 FROM pg_attribute a LEFT JOIN pg_attrdef d
 ON a.attrelid = d.adrelid AND a.attnum = d.adnum
 WHERE a.attrelid = '"communities_listings"'::regclass
 AND a.attnum > 0 AND NOT a.attisdropped
 ORDER BY a.attnum
[0m
  [1m[35mSQL (1.8ms)[0m   SELECT a.attname, format_type(a.atttypid, a.atttypmod), d.adsrc, a.attnotnull
 FROM pg_attribute a LEFT JOIN pg_attrdef d
 ON a.attrelid = d.adrelid AND a.attnum = d.adnum
 WHERE a.attrelid = '"communities_listings"'::regclass
 AND a.attnum > 0 AND NOT a.attisdropped
 ORDER BY a.attnum

Sphinx 0.9.9-release (r2117)
Copyright (c) 2001-2009, Andrew Aksyonoff

using config file '/home/chaitanya/workArea/ST-to-RGF/config/production.sphinx.conf'...
indexing index 'listing_core'...
collected 4 docs, 0.0 MB
collected 4 attr values
sorted 0.0 Mvalues, 100.0% done
sorted 0.0 Mhits, 100.0% done
total 4 docs, 130 bytes
total 0.131 sec, 990 bytes/sec, 30.47 docs/sec
indexing index 'listing_delta'...
collected 0 docs, 0.0 MB
collected 0 attr values
sorted 0.0 Mvalues, -nan% done
total 0 docs, 0 bytes
total 0.123 sec, 0 bytes/sec, 0.00 docs/sec
distributed index 'listing' can not be directly indexed; skipping.
total 3 reads, 0.000 sec, 1.3 kb/call avg, 0.0 msec/call avg
total 13 writes, 0.000 sec, 2.1 kb/call avg, 0.0 msec/call avg
Starting the New Relic Agent.
Installed New Relic Browser Monitoring middleware
  [1m[36mSQL (0.6ms)[0m  [1mSHOW client_min_messages[0m
  [1m[35mSQL (0.4ms)[0m  SET client_min_messages TO 'panic'
  [1m[36mSQL (0.4ms)[0m  [1mSET standard_conforming_strings = on[0m
  [1m[35mSQL (0.4ms)[0m  SET client_min_messages TO 'notice'
  [1m[36mSQL (0.6ms)[0m  [1mSET time zone 'UTC'[0m
  [1m[35mSQL (0.4ms)[0m  SHOW TIME ZONE
  [1m[36mPK and serial sequence (4.7ms)[0m  [1m SELECT attr.attname, seq.relname
 FROM pg_class seq,
 pg_attribute attr,
 pg_depend dep,
 pg_namespace name,
 pg_constraint cons
 WHERE seq.oid = dep.objid
 AND seq.relkind = 'S'
 AND attr.attrelid = dep.refobjid
 AND attr.attnum = dep.refobjsubid
 AND attr.attrelid = cons.conrelid
 AND attr.attnum = cons.conkey[1]
 AND cons.contype = 'p'
 AND dep.refobjid = '"listing_followers"'::regclass
[0m
  [1m[35mPK and custom sequence (2.1ms)[0m   SELECT attr.attname,
 CASE
 WHEN split_part(def.adsrc, '''', 2) ~ '.' THEN
 substr(split_part(def.adsrc, '''', 2),
 strpos(split_part(def.adsrc, '''', 2), '.')+1)
 ELSE split_part(def.adsrc, '''', 2)
 END
 FROM pg_class t
 JOIN pg_attribute attr ON (t.oid = attrelid)
 JOIN pg_attrdef def ON (adrelid = attrelid AND adnum = attnum)
 JOIN pg_constraint cons ON (conrelid = adrelid AND adnum = conkey[1])
 WHERE t.oid = '"listing_followers"'::regclass
 AND cons.contype = 'p'
 AND def.adsrc ~* 'nextval'

  [1m[36mSQL (2.1ms)[0m  [1m SELECT tablename
 FROM pg_tables
 WHERE schemaname = ANY (current_schemas(false))
[0m
  [1m[35mSQL (3.0ms)[0m   SELECT a.attname, format_type(a.atttypid, a.atttypmod), d.adsrc, a.attnotnull
 FROM pg_attribute a LEFT JOIN pg_attrdef d
 ON a.attrelid = d.adrelid AND a.attnum = d.adnum
 WHERE a.attrelid = '"notifications"'::regclass
 AND a.attnum > 0 AND NOT a.attisdropped
 ORDER BY a.attnum

  [1m[36mPK and serial sequence (6.5ms)[0m  [1m SELECT attr.attname, seq.relname
 FROM pg_class seq,
 pg_attribute attr,
 pg_depend dep,
 pg_namespace name,
 pg_constraint cons
 WHERE seq.oid = dep.objid
 AND seq.relkind = 'S'
 AND attr.attrelid = dep.refobjid
 AND attr.attnum = dep.refobjsubid
 AND attr.attrelid = cons.conrelid
 AND attr.attnum = cons.conkey[1]
 AND cons.contype = 'p'
 AND dep.refobjid = '"communities_listings"'::regclass
[0m
  [1m[35mPK and custom sequence (3.4ms)[0m   SELECT attr.attname,
 CASE
 WHEN split_part(def.adsrc, '''', 2) ~ '.' THEN
 substr(split_part(def.adsrc, '''', 2),
 strpos(split_part(def.adsrc, '''', 2), '.')+1)
 ELSE split_part(def.adsrc, '''', 2)
 END
 FROM pg_class t
 JOIN pg_attribute attr ON (t.oid = attrelid)
 JOIN pg_attrdef def ON (adrelid = attrelid AND adnum = attnum)
 JOIN pg_constraint cons ON (conrelid = adrelid AND adnum = conkey[1])
 WHERE t.oid = '"communities_listings"'::regclass
 AND cons.contype = 'p'
 AND def.adsrc ~* 'nextval'

  [1m[36mSQL (2.1ms)[0m  [1m SELECT COUNT(*)
 FROM pg_tables
 WHERE tablename = 'listings'
 AND schemaname = ANY (current_schemas(false))
[0m
  [1m[35mSQL (2.4ms)[0m   SELECT a.attname, format_type(a.atttypid, a.atttypmod), d.adsrc, a.attnotnull
 FROM pg_attribute a LEFT JOIN pg_attrdef d
 ON a.attrelid = d.adrelid AND a.attnum = d.adnum
 WHERE a.attrelid = '"listings"'::regclass
 AND a.attnum > 0 AND NOT a.attisdropped
 ORDER BY a.attnum

  [1m[36mPK and serial sequence (6.4ms)[0m  [1m SELECT attr.attname, seq.relname
 FROM pg_class seq,
 pg_attribute attr,
 pg_depend dep,
 pg_namespace name,
 pg_constraint cons
 WHERE seq.oid = dep.objid
 AND seq.relkind = 'S'
 AND attr.attrelid = dep.refobjid
 AND attr.attnum = dep.refobjsubid
 AND attr.attrelid = cons.conrelid
 AND attr.attnum = cons.conkey[1]
 AND cons.contype = 'p'
 AND dep.refobjid = '"communities_listings"'::regclass
[0m
  [1m[35mPK and custom sequence (3.4ms)[0m   SELECT attr.attname,
 CASE
 WHEN split_part(def.adsrc, '''', 2) ~ '.' THEN
 substr(split_part(def.adsrc, '''', 2),
 strpos(split_part(def.adsrc, '''', 2), '.')+1)
 ELSE split_part(def.adsrc, '''', 2)
 END
 FROM pg_class t
 JOIN pg_attribute attr ON (t.oid = attrelid)
 JOIN pg_attrdef def ON (adrelid = attrelid AND adnum = attnum)
 JOIN pg_constraint cons ON (conrelid = adrelid AND adnum = conkey[1])
 WHERE t.oid = '"communities_listings"'::regclass
 AND cons.contype = 'p'
 AND def.adsrc ~* 'nextval'

  [1m[36mPK and serial sequence (6.1ms)[0m  [1m SELECT attr.attname, seq.relname
 FROM pg_class seq,
 pg_attribute attr,
 pg_depend dep,
 pg_namespace name,
 pg_constraint cons
 WHERE seq.oid = dep.objid
 AND seq.relkind = 'S'
 AND attr.attrelid = dep.refobjid
 AND attr.attnum = dep.refobjsubid
 AND attr.attrelid = cons.conrelid
 AND attr.attnum = cons.conkey[1]
 AND cons.contype = 'p'
 AND dep.refobjid = '"listing_followers"'::regclass
[0m
  [1m[35mPK and custom sequence (3.4ms)[0m   SELECT attr.attname,
 CASE
 WHEN split_part(def.adsrc, '''', 2) ~ '.' THEN
 substr(split_part(def.adsrc, '''', 2),
 strpos(split_part(def.adsrc, '''', 2), '.')+1)
 ELSE split_part(def.adsrc, '''', 2)
 END
 FROM pg_class t
 JOIN pg_attribute attr ON (t.oid = attrelid)
 JOIN pg_attrdef def ON (adrelid = attrelid AND adnum = attnum)
 JOIN pg_constraint cons ON (conrelid = adrelid AND adnum = conkey[1])
 WHERE t.oid = '"listing_followers"'::regclass
 AND cons.contype = 'p'
 AND def.adsrc ~* 'nextval'

Creating scope :open. Overwriting existing method Listing.open.
Creating scope :public. Overwriting existing method Listing.public.
Creating scope :private. Overwriting existing method Listing.private.
Generating Configuration to /home/chaitanya/workArea/ST-to-RGF/config/production.sphinx.conf
  [1m[36mSQL (2.0ms)[0m  [1m SELECT COUNT(*)
 FROM pg_tables
 WHERE tablename = 'listings'
 AND schemaname = ANY (current_schemas(false))
[0m
  [1m[35mSQL (0.5ms)[0m  begin
  [1m[36mSQL (0.5ms)[0m  [1msavepoint ts[0m
  [1m[35mSQL (1.2ms)[0m  CREATE LANGUAGE 'plpgsql';
PG::Error: ERROR:  language "plpgsql" already exists
: CREATE LANGUAGE 'plpgsql';
  [1m[36mSQL (0.4ms)[0m  [1mrollback to savepoint ts[0m
  [1m[35mSQL (0.4ms)[0m  release savepoint ts
  [1m[36mSQL (0.4ms)[0m  [1mcommit[0m
  [1m[35mSQL (0.4ms)[0m  begin
  [1m[36mSQL (0.2ms)[0m  [1msavepoint ts[0m
  [1m[35mSQL (3.7ms)[0m   CREATE OR REPLACE FUNCTION crc32(word text)
 RETURNS bigint AS $$
 DECLARE tmp bigint;
 DECLARE i int;
 DECLARE j int;
 DECLARE byte_length int;
 DECLARE word_array bytea;
 BEGIN
 IF COALESCE(word, '') = '' THEN
 return 0;
 END IF;

 i = 0;
 tmp = 4294967295;
 byte_length = bit_length(word) / 8;
 word_array = decode(replace(word, E'\\', E'\\\\'), 'escape');
 LOOP
 tmp = (tmp # get_byte(word_array, i))::bigint;
 i = i + 1;
 j = 0;
 LOOP
 tmp = ((tmp >> 1) # (3988292384 * (tmp & 1)))::bigint;
 j = j + 1;
 IF j >= 8 THEN
 EXIT;
 END IF;
 END LOOP;
 IF i >= byte_length THEN
 EXIT;
 END IF;
 END LOOP;
 return (tmp # 4294967295);
 END
 $$ IMMUTABLE LANGUAGE plpgsql;

  [1m[36mSQL (0.4ms)[0m  [1mrelease savepoint ts[0m
  [1m[35mSQL (34.3ms)[0m  commit
  [1m[36mSQL (3.0ms)[0m  [1m SELECT a.attname, format_type(a.atttypid, a.atttypmod), d.adsrc, a.attnotnull
 FROM pg_attribute a LEFT JOIN pg_attrdef d
 ON a.attrelid = d.adrelid AND a.attnum = d.adnum
 WHERE a.attrelid = '"communities"'::regclass
 AND a.attnum > 0 AND NOT a.attisdropped
 ORDER BY a.attnum
[0m
  [1m[35mSQL (2.0ms)[0m   SELECT a.attname, format_type(a.atttypid, a.atttypmod), d.adsrc, a.attnotnull
 FROM pg_attribute a LEFT JOIN pg_attrdef d
 ON a.attrelid = d.adrelid AND a.attnum = d.adnum
 WHERE a.attrelid = '"tags"'::regclass
 AND a.attnum > 0 AND NOT a.attisdropped
 ORDER BY a.attnum

  [1m[36mSQL (2.0ms)[0m  [1m SELECT a.attname, format_type(a.atttypid, a.atttypmod), d.adsrc, a.attnotnull
 FROM pg_attribute a LEFT JOIN pg_attrdef d
 ON a.attrelid = d.adrelid AND a.attnum = d.adnum
 WHERE a.attrelid = '"comments"'::regclass
 AND a.attnum > 0 AND NOT a.attisdropped
 ORDER BY a.attnum
[0m
  [1m[35mSQL (2.2ms)[0m   SELECT a.attname, format_type(a.atttypid, a.atttypmod), d.adsrc, a.attnotnull
 FROM pg_attribute a LEFT JOIN pg_attrdef d
 ON a.attrelid = d.adrelid AND a.attnum = d.adnum
 WHERE a.attrelid = '"taggings"'::regclass
 AND a.attnum > 0 AND NOT a.attisdropped
 ORDER BY a.attnum

  [1m[36mSQL (1.7ms)[0m  [1m SELECT a.attname, format_type(a.atttypid, a.atttypmod), d.adsrc, a.attnotnull
 FROM pg_attribute a LEFT JOIN pg_attrdef d
 ON a.attrelid = d.adrelid AND a.attnum = d.adnum
 WHERE a.attrelid = '"communities_listings"'::regclass
 AND a.attnum > 0 AND NOT a.attisdropped
 ORDER BY a.attnum
[0m
  [1m[35mSQL (1.9ms)[0m   SELECT a.attname, format_type(a.atttypid, a.atttypmod), d.adsrc, a.attnotnull
 FROM pg_attribute a LEFT JOIN pg_attrdef d
 ON a.attrelid = d.adrelid AND a.attnum = d.adnum
 WHERE a.attrelid = '"communities_listings"'::regclass
 AND a.attnum > 0 AND NOT a.attisdropped
 ORDER BY a.attnum

Sphinx 0.9.9-release (r2117)
Copyright (c) 2001-2009, Andrew Aksyonoff

using config file '/home/chaitanya/workArea/ST-to-RGF/config/production.sphinx.conf'...
indexing index 'listing_core'...
collected 4 docs, 0.0 MB
collected 4 attr values
sorted 0.0 Mvalues, 100.0% done
sorted 0.0 Mhits, 100.0% done
total 4 docs, 130 bytes
total 0.139 sec, 932 bytes/sec, 28.68 docs/sec
indexing index 'listing_delta'...
collected 0 docs, 0.0 MB
collected 0 attr values
sorted 0.0 Mvalues, -nan% done
total 0 docs, 0 bytes
total 0.115 sec, 0 bytes/sec, 0.00 docs/sec
distributed index 'listing' can not be directly indexed; skipping.
total 3 reads, 0.000 sec, 1.3 kb/call avg, 0.0 msec/call avg
total 13 writes, 0.000 sec, 2.1 kb/call avg, 0.0 msec/call avg
Starting the New Relic Agent.
Installed New Relic Browser Monitoring middleware
  [1m[36mSQL (0.3ms)[0m  [1mSHOW client_min_messages[0m
  [1m[35mSQL (0.2ms)[0m  SET client_min_messages TO 'panic'
  [1m[36mSQL (0.3ms)[0m  [1mSET standard_conforming_strings = on[0m
  [1m[35mSQL (0.2ms)[0m  SET client_min_messages TO 'notice'
  [1m[36mSQL (0.7ms)[0m  [1mSET time zone 'UTC'[0m
  [1m[35mSQL (0.4ms)[0m  SHOW TIME ZONE
  [1m[36mPK and serial sequence (4.7ms)[0m  [1m SELECT attr.attname, seq.relname
 FROM pg_class seq,
 pg_attribute attr,
 pg_depend dep,
 pg_namespace name,
 pg_constraint cons
 WHERE seq.oid = dep.objid
 AND seq.relkind = 'S'
 AND attr.attrelid = dep.refobjid
 AND attr.attnum = dep.refobjsubid
 AND attr.attrelid = cons.conrelid
 AND attr.attnum = cons.conkey[1]
 AND cons.contype = 'p'
 AND dep.refobjid = '"listing_followers"'::regclass
[0m
  [1m[35mPK and custom sequence (2.0ms)[0m   SELECT attr.attname,
 CASE
 WHEN split_part(def.adsrc, '''', 2) ~ '.' THEN
 substr(split_part(def.adsrc, '''', 2),
 strpos(split_part(def.adsrc, '''', 2), '.')+1)
 ELSE split_part(def.adsrc, '''', 2)
 END
 FROM pg_class t
 JOIN pg_attribute attr ON (t.oid = attrelid)
 JOIN pg_attrdef def ON (adrelid = attrelid AND adnum = attnum)
 JOIN pg_constraint cons ON (conrelid = adrelid AND adnum = conkey[1])
 WHERE t.oid = '"listing_followers"'::regclass
 AND cons.contype = 'p'
 AND def.adsrc ~* 'nextval'

  [1m[36mSQL (4.8ms)[0m  [1m SELECT tablename
 FROM pg_tables
 WHERE schemaname = ANY (current_schemas(false))
[0m
  [1m[35mSQL (3.1ms)[0m   SELECT a.attname, format_type(a.atttypid, a.atttypmod), d.adsrc, a.attnotnull
 FROM pg_attribute a LEFT JOIN pg_attrdef d
 ON a.attrelid = d.adrelid AND a.attnum = d.adnum
 WHERE a.attrelid = '"notifications"'::regclass
 AND a.attnum > 0 AND NOT a.attisdropped
 ORDER BY a.attnum

  [1m[36mPK and serial sequence (5.0ms)[0m  [1m SELECT attr.attname, seq.relname
 FROM pg_class seq,
 pg_attribute attr,
 pg_depend dep,
 pg_namespace name,
 pg_constraint cons
 WHERE seq.oid = dep.objid
 AND seq.relkind = 'S'
 AND attr.attrelid = dep.refobjid
 AND attr.attnum = dep.refobjsubid
 AND attr.attrelid = cons.conrelid
 AND attr.attnum = cons.conkey[1]
 AND cons.contype = 'p'
 AND dep.refobjid = '"communities_listings"'::regclass
[0m
  [1m[35mPK and custom sequence (1.3ms)[0m   SELECT attr.attname,
 CASE
 WHEN split_part(def.adsrc, '''', 2) ~ '.' THEN
 substr(split_part(def.adsrc, '''', 2),
 strpos(split_part(def.adsrc, '''', 2), '.')+1)
 ELSE split_part(def.adsrc, '''', 2)
 END
 FROM pg_class t
 JOIN pg_attribute attr ON (t.oid = attrelid)
 JOIN pg_attrdef def ON (adrelid = attrelid AND adnum = attnum)
 JOIN pg_constraint cons ON (conrelid = adrelid AND adnum = conkey[1])
 WHERE t.oid = '"communities_listings"'::regclass
 AND cons.contype = 'p'
 AND def.adsrc ~* 'nextval'

  [1m[36mSQL (2.2ms)[0m  [1m SELECT COUNT(*)
 FROM pg_tables
 WHERE tablename = 'listings'
 AND schemaname = ANY (current_schemas(false))
[0m
  [1m[35mSQL (2.3ms)[0m   SELECT a.attname, format_type(a.atttypid, a.atttypmod), d.adsrc, a.attnotnull
 FROM pg_attribute a LEFT JOIN pg_attrdef d
 ON a.attrelid = d.adrelid AND a.attnum = d.adnum
 WHERE a.attrelid = '"listings"'::regclass
 AND a.attnum > 0 AND NOT a.attisdropped
 ORDER BY a.attnum

  [1m[36mPK and serial sequence (6.3ms)[0m  [1m SELECT attr.attname, seq.relname
 FROM pg_class seq,
 pg_attribute attr,
 pg_depend dep,
 pg_namespace name,
 pg_constraint cons
 WHERE seq.oid = dep.objid
 AND seq.relkind = 'S'
 AND attr.attrelid = dep.refobjid
 AND attr.attnum = dep.refobjsubid
 AND attr.attrelid = cons.conrelid
 AND attr.attnum = cons.conkey[1]
 AND cons.contype = 'p'
 AND dep.refobjid = '"communities_listings"'::regclass
[0m
  [1m[35mPK and custom sequence (3.3ms)[0m   SELECT attr.attname,
 CASE
 WHEN split_part(def.adsrc, '''', 2) ~ '.' THEN
 substr(split_part(def.adsrc, '''', 2),
 strpos(split_part(def.adsrc, '''', 2), '.')+1)
 ELSE split_part(def.adsrc, '''', 2)
 END
 FROM pg_class t
 JOIN pg_attribute attr ON (t.oid = attrelid)
 JOIN pg_attrdef def ON (adrelid = attrelid AND adnum = attnum)
 JOIN pg_constraint cons ON (conrelid = adrelid AND adnum = conkey[1])
 WHERE t.oid = '"communities_listings"'::regclass
 AND cons.contype = 'p'
 AND def.adsrc ~* 'nextval'

  [1m[36mPK and serial sequence (6.3ms)[0m  [1m SELECT attr.attname, seq.relname
 FROM pg_class seq,
 pg_attribute attr,
 pg_depend dep,
 pg_namespace name,
 pg_constraint cons
 WHERE seq.oid = dep.objid
 AND seq.relkind = 'S'
 AND attr.attrelid = dep.refobjid
 AND attr.attnum = dep.refobjsubid
 AND attr.attrelid = cons.conrelid
 AND attr.attnum = cons.conkey[1]
 AND cons.contype = 'p'
 AND dep.refobjid = '"listing_followers"'::regclass
[0m
  [1m[35mPK and custom sequence (3.4ms)[0m   SELECT attr.attname,
 CASE
 WHEN split_part(def.adsrc, '''', 2) ~ '.' THEN
 substr(split_part(def.adsrc, '''', 2),
 strpos(split_part(def.adsrc, '''', 2), '.')+1)
 ELSE split_part(def.adsrc, '''', 2)
 END
 FROM pg_class t
 JOIN pg_attribute attr ON (t.oid = attrelid)
 JOIN pg_attrdef def ON (adrelid = attrelid AND adnum = attnum)
 JOIN pg_constraint cons ON (conrelid = adrelid AND adnum = conkey[1])
 WHERE t.oid = '"listing_followers"'::regclass
 AND cons.contype = 'p'
 AND def.adsrc ~* 'nextval'

Creating scope :open. Overwriting existing method Listing.open.
Creating scope :public. Overwriting existing method Listing.public.
Creating scope :private. Overwriting existing method Listing.private.
Generating Configuration to /home/chaitanya/workArea/ST-to-RGF/config/production.sphinx.conf
  [1m[36mSQL (2.0ms)[0m  [1m SELECT COUNT(*)
 FROM pg_tables
 WHERE tablename = 'listings'
 AND schemaname = ANY (current_schemas(false))
[0m
  [1m[35mSQL (0.5ms)[0m  begin
  [1m[36mSQL (0.4ms)[0m  [1msavepoint ts[0m
  [1m[35mSQL (1.2ms)[0m  CREATE LANGUAGE 'plpgsql';
PG::Error: ERROR:  language "plpgsql" already exists
: CREATE LANGUAGE 'plpgsql';
  [1m[36mSQL (0.4ms)[0m  [1mrollback to savepoint ts[0m
  [1m[35mSQL (0.4ms)[0m  release savepoint ts
  [1m[36mSQL (0.4ms)[0m  [1mcommit[0m
  [1m[35mSQL (0.3ms)[0m  begin
  [1m[36mSQL (0.4ms)[0m  [1msavepoint ts[0m
  [1m[35mSQL (22.3ms)[0m   CREATE OR REPLACE FUNCTION crc32(word text)
 RETURNS bigint AS $$
 DECLARE tmp bigint;
 DECLARE i int;
 DECLARE j int;
 DECLARE byte_length int;
 DECLARE word_array bytea;
 BEGIN
 IF COALESCE(word, '') = '' THEN
 return 0;
 END IF;

 i = 0;
 tmp = 4294967295;
 byte_length = bit_length(word) / 8;
 word_array = decode(replace(word, E'\\', E'\\\\'), 'escape');
 LOOP
 tmp = (tmp # get_byte(word_array, i))::bigint;
 i = i + 1;
 j = 0;
 LOOP
 tmp = ((tmp >> 1) # (3988292384 * (tmp & 1)))::bigint;
 j = j + 1;
 IF j >= 8 THEN
 EXIT;
 END IF;
 END LOOP;
 IF i >= byte_length THEN
 EXIT;
 END IF;
 END LOOP;
 return (tmp # 4294967295);
 END
 $$ IMMUTABLE LANGUAGE plpgsql;

  [1m[36mSQL (0.4ms)[0m  [1mrelease savepoint ts[0m
  [1m[35mSQL (24.2ms)[0m  commit
  [1m[36mSQL (3.3ms)[0m  [1m SELECT a.attname, format_type(a.atttypid, a.atttypmod), d.adsrc, a.attnotnull
 FROM pg_attribute a LEFT JOIN pg_attrdef d
 ON a.attrelid = d.adrelid AND a.attnum = d.adnum
 WHERE a.attrelid = '"communities"'::regclass
 AND a.attnum > 0 AND NOT a.attisdropped
 ORDER BY a.attnum
[0m
  [1m[35mSQL (1.9ms)[0m   SELECT a.attname, format_type(a.atttypid, a.atttypmod), d.adsrc, a.attnotnull
 FROM pg_attribute a LEFT JOIN pg_attrdef d
 ON a.attrelid = d.adrelid AND a.attnum = d.adnum
 WHERE a.attrelid = '"tags"'::regclass
 AND a.attnum > 0 AND NOT a.attisdropped
 ORDER BY a.attnum

  [1m[36mSQL (1.9ms)[0m  [1m SELECT a.attname, format_type(a.atttypid, a.atttypmod), d.adsrc, a.attnotnull
 FROM pg_attribute a LEFT JOIN pg_attrdef d
 ON a.attrelid = d.adrelid AND a.attnum = d.adnum
 WHERE a.attrelid = '"comments"'::regclass
 AND a.attnum > 0 AND NOT a.attisdropped
 ORDER BY a.attnum
[0m
  [1m[35mSQL (2.3ms)[0m   SELECT a.attname, format_type(a.atttypid, a.atttypmod), d.adsrc, a.attnotnull
 FROM pg_attribute a LEFT JOIN pg_attrdef d
 ON a.attrelid = d.adrelid AND a.attnum = d.adnum
 WHERE a.attrelid = '"taggings"'::regclass
 AND a.attnum > 0 AND NOT a.attisdropped
 ORDER BY a.attnum

  [1m[36mSQL (1.7ms)[0m  [1m SELECT a.attname, format_type(a.atttypid, a.atttypmod), d.adsrc, a.attnotnull
 FROM pg_attribute a LEFT JOIN pg_attrdef d
 ON a.attrelid = d.adrelid AND a.attnum = d.adnum
 WHERE a.attrelid = '"communities_listings"'::regclass
 AND a.attnum > 0 AND NOT a.attisdropped
 ORDER BY a.attnum
[0m
  [1m[35mSQL (1.8ms)[0m   SELECT a.attname, format_type(a.atttypid, a.atttypmod), d.adsrc, a.attnotnull
 FROM pg_attribute a LEFT JOIN pg_attrdef d
 ON a.attrelid = d.adrelid AND a.attnum = d.adnum
 WHERE a.attrelid = '"communities_listings"'::regclass
 AND a.attnum > 0 AND NOT a.attisdropped
 ORDER BY a.attnum

Sphinx 0.9.9-release (r2117)
Copyright (c) 2001-2009, Andrew Aksyonoff

using config file '/home/chaitanya/workArea/ST-to-RGF/config/production.sphinx.conf'...
indexing index 'listing_core'...
collected 4 docs, 0.0 MB
collected 4 attr values
sorted 0.0 Mvalues, 100.0% done
sorted 0.0 Mhits, 100.0% done
total 4 docs, 130 bytes
total 0.131 sec, 992 bytes/sec, 30.53 docs/sec
indexing index 'listing_delta'...
collected 0 docs, 0.0 MB
collected 0 attr values
sorted 0.0 Mvalues, -nan% done
total 0 docs, 0 bytes
total 0.124 sec, 0 bytes/sec, 0.00 docs/sec
distributed index 'listing' can not be directly indexed; skipping.
total 3 reads, 0.000 sec, 1.3 kb/call avg, 0.0 msec/call avg
total 13 writes, 0.000 sec, 2.1 kb/call avg, 0.0 msec/call avg
Starting the New Relic Agent.
Installed New Relic Browser Monitoring middleware
  [1m[36mSQL (0.3ms)[0m  [1mSHOW client_min_messages[0m
  [1m[35mSQL (0.2ms)[0m  SET client_min_messages TO 'panic'
  [1m[36mSQL (0.2ms)[0m  [1mSET standard_conforming_strings = on[0m
  [1m[35mSQL (0.2ms)[0m  SET client_min_messages TO 'notice'
  [1m[36mSQL (0.6ms)[0m  [1mSET time zone 'UTC'[0m
  [1m[35mSQL (0.4ms)[0m  SHOW TIME ZONE
  [1m[36mPK and serial sequence (4.7ms)[0m  [1m SELECT attr.attname, seq.relname
 FROM pg_class seq,
 pg_attribute attr,
 pg_depend dep,
 pg_namespace name,
 pg_constraint cons
 WHERE seq.oid = dep.objid
 AND seq.relkind = 'S'
 AND attr.attrelid = dep.refobjid
 AND attr.attnum = dep.refobjsubid
 AND attr.attrelid = cons.conrelid
 AND attr.attnum = cons.conkey[1]
 AND cons.contype = 'p'
 AND dep.refobjid = '"listing_followers"'::regclass
[0m
  [1m[35mPK and custom sequence (2.1ms)[0m   SELECT attr.attname,
 CASE
 WHEN split_part(def.adsrc, '''', 2) ~ '.' THEN
 substr(split_part(def.adsrc, '''', 2),
 strpos(split_part(def.adsrc, '''', 2), '.')+1)
 ELSE split_part(def.adsrc, '''', 2)
 END
 FROM pg_class t
 JOIN pg_attribute attr ON (t.oid = attrelid)
 JOIN pg_attrdef def ON (adrelid = attrelid AND adnum = attnum)
 JOIN pg_constraint cons ON (conrelid = adrelid AND adnum = conkey[1])
 WHERE t.oid = '"listing_followers"'::regclass
 AND cons.contype = 'p'
 AND def.adsrc ~* 'nextval'

  [1m[36mSQL (5.2ms)[0m  [1m SELECT tablename
 FROM pg_tables
 WHERE schemaname = ANY (current_schemas(false))
[0m
  [1m[35mSQL (3.2ms)[0m   SELECT a.attname, format_type(a.atttypid, a.atttypmod), d.adsrc, a.attnotnull
 FROM pg_attribute a LEFT JOIN pg_attrdef d
 ON a.attrelid = d.adrelid AND a.attnum = d.adnum
 WHERE a.attrelid = '"notifications"'::regclass
 AND a.attnum > 0 AND NOT a.attisdropped
 ORDER BY a.attnum

  [1m[36mPK and serial sequence (6.7ms)[0m  [1m SELECT attr.attname, seq.relname
 FROM pg_class seq,
 pg_attribute attr,
 pg_depend dep,
 pg_namespace name,
 pg_constraint cons
 WHERE seq.oid = dep.objid
 AND seq.relkind = 'S'
 AND attr.attrelid = dep.refobjid
 AND attr.attnum = dep.refobjsubid
 AND attr.attrelid = cons.conrelid
 AND attr.attnum = cons.conkey[1]
 AND cons.contype = 'p'
 AND dep.refobjid = '"communities_listings"'::regclass
[0m
  [1m[35mPK and custom sequence (3.4ms)[0m   SELECT attr.attname,
 CASE
 WHEN split_part(def.adsrc, '''', 2) ~ '.' THEN
 substr(split_part(def.adsrc, '''', 2),
 strpos(split_part(def.adsrc, '''', 2), '.')+1)
 ELSE split_part(def.adsrc, '''', 2)
 END
 FROM pg_class t
 JOIN pg_attribute attr ON (t.oid = attrelid)
 JOIN pg_attrdef def ON (adrelid = attrelid AND adnum = attnum)
 JOIN pg_constraint cons ON (conrelid = adrelid AND adnum = conkey[1])
 WHERE t.oid = '"communities_listings"'::regclass
 AND cons.contype = 'p'
 AND def.adsrc ~* 'nextval'

  [1m[36mSQL (2.2ms)[0m  [1m SELECT COUNT(*)
 FROM pg_tables
 WHERE tablename = 'listings'
 AND schemaname = ANY (current_schemas(false))
[0m
  [1m[35mSQL (2.4ms)[0m   SELECT a.attname, format_type(a.atttypid, a.atttypmod), d.adsrc, a.attnotnull
 FROM pg_attribute a LEFT JOIN pg_attrdef d
 ON a.attrelid = d.adrelid AND a.attnum = d.adnum
 WHERE a.attrelid = '"listings"'::regclass
 AND a.attnum > 0 AND NOT a.attisdropped
 ORDER BY a.attnum

  [1m[36mPK and serial sequence (6.2ms)[0m  [1m SELECT attr.attname, seq.relname
 FROM pg_class seq,
 pg_attribute attr,
 pg_depend dep,
 pg_namespace name,
 pg_constraint cons
 WHERE seq.oid = dep.objid
 AND seq.relkind = 'S'
 AND attr.attrelid = dep.refobjid
 AND attr.attnum = dep.refobjsubid
 AND attr.attrelid = cons.conrelid
 AND attr.attnum = cons.conkey[1]
 AND cons.contype = 'p'
 AND dep.refobjid = '"communities_listings"'::regclass
[0m
  [1m[35mPK and custom sequence (1.5ms)[0m   SELECT attr.attname,
 CASE
 WHEN split_part(def.adsrc, '''', 2) ~ '.' THEN
 substr(split_part(def.adsrc, '''', 2),
 strpos(split_part(def.adsrc, '''', 2), '.')+1)
 ELSE split_part(def.adsrc, '''', 2)
 END
 FROM pg_class t
 JOIN pg_attribute attr ON (t.oid = attrelid)
 JOIN pg_attrdef def ON (adrelid = attrelid AND adnum = attnum)
 JOIN pg_constraint cons ON (conrelid = adrelid AND adnum = conkey[1])
 WHERE t.oid = '"communities_listings"'::regclass
 AND cons.contype = 'p'
 AND def.adsrc ~* 'nextval'

  [1m[36mPK and serial sequence (2.6ms)[0m  [1m SELECT attr.attname, seq.relname
 FROM pg_class seq,
 pg_attribute attr,
 pg_depend dep,
 pg_namespace name,
 pg_constraint cons
 WHERE seq.oid = dep.objid
 AND seq.relkind = 'S'
 AND attr.attrelid = dep.refobjid
 AND attr.attnum = dep.refobjsubid
 AND attr.attrelid = cons.conrelid
 AND attr.attnum = cons.conkey[1]
 AND cons.contype = 'p'
 AND dep.refobjid = '"listing_followers"'::regclass
[0m
  [1m[35mPK and custom sequence (1.4ms)[0m   SELECT attr.attname,
 CASE
 WHEN split_part(def.adsrc, '''', 2) ~ '.' THEN
 substr(split_part(def.adsrc, '''', 2),
 strpos(split_part(def.adsrc, '''', 2), '.')+1)
 ELSE split_part(def.adsrc, '''', 2)
 END
 FROM pg_class t
 JOIN pg_attribute attr ON (t.oid = attrelid)
 JOIN pg_attrdef def ON (adrelid = attrelid AND adnum = attnum)
 JOIN pg_constraint cons ON (conrelid = adrelid AND adnum = conkey[1])
 WHERE t.oid = '"listing_followers"'::regclass
 AND cons.contype = 'p'
 AND def.adsrc ~* 'nextval'

Creating scope :open. Overwriting existing method Listing.open.
Creating scope :public. Overwriting existing method Listing.public.
Creating scope :private. Overwriting existing method Listing.private.
Generating Configuration to /home/chaitanya/workArea/ST-to-RGF/config/production.sphinx.conf
  [1m[36mSQL (1.9ms)[0m  [1m SELECT COUNT(*)
 FROM pg_tables
 WHERE tablename = 'listings'
 AND schemaname = ANY (current_schemas(false))
[0m
  [1m[35mSQL (0.5ms)[0m  begin
  [1m[36mSQL (0.4ms)[0m  [1msavepoint ts[0m
  [1m[35mSQL (64.4ms)[0m  CREATE LANGUAGE 'plpgsql';
PG::Error: ERROR:  language "plpgsql" already exists
: CREATE LANGUAGE 'plpgsql';
  [1m[36mSQL (0.6ms)[0m  [1mrollback to savepoint ts[0m
  [1m[35mSQL (0.3ms)[0m  release savepoint ts
  [1m[36mSQL (0.3ms)[0m  [1mcommit[0m
  [1m[35mSQL (0.3ms)[0m  begin
  [1m[36mSQL (0.3ms)[0m  [1msavepoint ts[0m
  [1m[35mSQL (172.9ms)[0m   CREATE OR REPLACE FUNCTION crc32(word text)
 RETURNS bigint AS $$
 DECLARE tmp bigint;
 DECLARE i int;
 DECLARE j int;
 DECLARE byte_length int;
 DECLARE word_array bytea;
 BEGIN
 IF COALESCE(word, '') = '' THEN
 return 0;
 END IF;

 i = 0;
 tmp = 4294967295;
 byte_length = bit_length(word) / 8;
 word_array = decode(replace(word, E'\\', E'\\\\'), 'escape');
 LOOP
 tmp = (tmp # get_byte(word_array, i))::bigint;
 i = i + 1;
 j = 0;
 LOOP
 tmp = ((tmp >> 1) # (3988292384 * (tmp & 1)))::bigint;
 j = j + 1;
 IF j >= 8 THEN
 EXIT;
 END IF;
 END LOOP;
 IF i >= byte_length THEN
 EXIT;
 END IF;
 END LOOP;
 return (tmp # 4294967295);
 END
 $$ IMMUTABLE LANGUAGE plpgsql;

  [1m[36mSQL (0.3ms)[0m  [1mrelease savepoint ts[0m
  [1m[35mSQL (25.4ms)[0m  commit
  [1m[36mSQL (1.3ms)[0m  [1m SELECT a.attname, format_type(a.atttypid, a.atttypmod), d.adsrc, a.attnotnull
 FROM pg_attribute a LEFT JOIN pg_attrdef d
 ON a.attrelid = d.adrelid AND a.attnum = d.adnum
 WHERE a.attrelid = '"communities"'::regclass
 AND a.attnum > 0 AND NOT a.attisdropped
 ORDER BY a.attnum
[0m
  [1m[35mSQL (0.9ms)[0m   SELECT a.attname, format_type(a.atttypid, a.atttypmod), d.adsrc, a.attnotnull
 FROM pg_attribute a LEFT JOIN pg_attrdef d
 ON a.attrelid = d.adrelid AND a.attnum = d.adnum
 WHERE a.attrelid = '"tags"'::regclass
 AND a.attnum > 0 AND NOT a.attisdropped
 ORDER BY a.attnum

  [1m[36mSQL (0.8ms)[0m  [1m SELECT a.attname, format_type(a.atttypid, a.atttypmod), d.adsrc, a.attnotnull
 FROM pg_attribute a LEFT JOIN pg_attrdef d
 ON a.attrelid = d.adrelid AND a.attnum = d.adnum
 WHERE a.attrelid = '"comments"'::regclass
 AND a.attnum > 0 AND NOT a.attisdropped
 ORDER BY a.attnum
[0m
  [1m[35mSQL (1.5ms)[0m   SELECT a.attname, format_type(a.atttypid, a.atttypmod), d.adsrc, a.attnotnull
 FROM pg_attribute a LEFT JOIN pg_attrdef d
 ON a.attrelid = d.adrelid AND a.attnum = d.adnum
 WHERE a.attrelid = '"taggings"'::regclass
 AND a.attnum > 0 AND NOT a.attisdropped
 ORDER BY a.attnum

  [1m[36mSQL (1.2ms)[0m  [1m SELECT a.attname, format_type(a.atttypid, a.atttypmod), d.adsrc, a.attnotnull
 FROM pg_attribute a LEFT JOIN pg_attrdef d
 ON a.attrelid = d.adrelid AND a.attnum = d.adnum
 WHERE a.attrelid = '"communities_listings"'::regclass
 AND a.attnum > 0 AND NOT a.attisdropped
 ORDER BY a.attnum
[0m
  [1m[35mSQL (0.8ms)[0m   SELECT a.attname, format_type(a.atttypid, a.atttypmod), d.adsrc, a.attnotnull
 FROM pg_attribute a LEFT JOIN pg_attrdef d
 ON a.attrelid = d.adrelid AND a.attnum = d.adnum
 WHERE a.attrelid = '"communities_listings"'::regclass
 AND a.attnum > 0 AND NOT a.attisdropped
 ORDER BY a.attnum

Sphinx 0.9.9-release (r2117)
Copyright (c) 2001-2009, Andrew Aksyonoff

using config file '/home/chaitanya/workArea/ST-to-RGF/config/production.sphinx.conf'...
indexing index 'listing_core'...
collected 4 docs, 0.0 MB
collected 4 attr values
sorted 0.0 Mvalues, 100.0% done
sorted 0.0 Mhits, 100.0% done
total 4 docs, 130 bytes
total 0.322 sec, 403 bytes/sec, 12.40 docs/sec
indexing index 'listing_delta'...
collected 0 docs, 0.0 MB
collected 0 attr values
sorted 0.0 Mvalues, -nan% done
total 0 docs, 0 bytes
total 0.120 sec, 0 bytes/sec, 0.00 docs/sec
distributed index 'listing' can not be directly indexed; skipping.
total 3 reads, 0.000 sec, 1.3 kb/call avg, 0.0 msec/call avg
total 13 writes, 0.000 sec, 2.1 kb/call avg, 0.0 msec/call avg
Starting the New Relic Agent.
Installed New Relic Browser Monitoring middleware
  [1m[36mSQL (0.3ms)[0m  [1mSHOW client_min_messages[0m
  [1m[35mSQL (0.2ms)[0m  SET client_min_messages TO 'panic'
  [1m[36mSQL (0.2ms)[0m  [1mSET standard_conforming_strings = on[0m
  [1m[35mSQL (0.2ms)[0m  SET client_min_messages TO 'notice'
  [1m[36mSQL (0.4ms)[0m  [1mSET time zone 'UTC'[0m
  [1m[35mSQL (0.2ms)[0m  SHOW TIME ZONE
  [1m[36mPK and serial sequence (4.5ms)[0m  [1m SELECT attr.attname, seq.relname
 FROM pg_class seq,
 pg_attribute attr,
 pg_depend dep,
 pg_namespace name,
 pg_constraint cons
 WHERE seq.oid = dep.objid
 AND seq.relkind = 'S'
 AND attr.attrelid = dep.refobjid
 AND attr.attnum = dep.refobjsubid
 AND attr.attrelid = cons.conrelid
 AND attr.attnum = cons.conkey[1]
 AND cons.contype = 'p'
 AND dep.refobjid = '"listing_followers"'::regclass
[0m
  [1m[35mPK and custom sequence (1.8ms)[0m   SELECT attr.attname,
 CASE
 WHEN split_part(def.adsrc, '''', 2) ~ '.' THEN
 substr(split_part(def.adsrc, '''', 2),
 strpos(split_part(def.adsrc, '''', 2), '.')+1)
 ELSE split_part(def.adsrc, '''', 2)
 END
 FROM pg_class t
 JOIN pg_attribute attr ON (t.oid = attrelid)
 JOIN pg_attrdef def ON (adrelid = attrelid AND adnum = attnum)
 JOIN pg_constraint cons ON (conrelid = adrelid AND adnum = conkey[1])
 WHERE t.oid = '"listing_followers"'::regclass
 AND cons.contype = 'p'
 AND def.adsrc ~* 'nextval'

